<?xml version="1.0" encoding="UTF-8"?>
<!-- Generated by org.testng.reporters.JUnitReportReporter -->
<testsuite hostname="DESKTOP-5REML1P" name="mainProgram.NewTest" tests="1" failures="0" timestamp="24 May 2018 06:42:10 GMT" time="52.801" errors="0">
  <testcase name="f" time="52.801" classname="mainProgram.NewTest"/>
</testsuite> <!-- mainProgram.NewTest -->
