<?xml version="1.0" encoding="UTF-8"?>
<!-- Generated by org.testng.reporters.JUnitReportReporter -->
<testsuite hostname="DESKTOP-5REML1P" name="com.google.tests.GoogleHomePageTest" tests="1" failures="0" timestamp="24 May 2018 06:31:46 GMT" time="0.023" errors="0">
  <testcase name="testSetUp" time="0.023" classname="com.google.tests.GoogleHomePageTest"/>
</testsuite> <!-- com.google.tests.GoogleHomePageTest -->
