<?xml version="1.0" encoding="UTF-8"?>
<!-- Generated by org.testng.reporters.JUnitReportReporter -->
<testsuite hostname="DESKTOP-5REML1P" name="mainProgram.NewTest" tests="1" failures="0" timestamp="25 May 2018 03:24:55 GMT" time="48.937" errors="0">
  <testcase name="f" time="48.937" classname="mainProgram.NewTest"/>
</testsuite> <!-- mainProgram.NewTest -->
