<?xml version="1.0" encoding="UTF-8"?>
<!-- Generated by org.testng.reporters.JUnitReportReporter -->
<testsuite hostname="DESKTOP-5REML1P" name="mainProgram.NewTest" tests="1" failures="0" timestamp="26 May 2018 11:10:05 GMT" time="77.320" errors="0">
  <testcase name="f" time="77.320" classname="mainProgram.NewTest"/>
</testsuite> <!-- mainProgram.NewTest -->
